<?xml version="1.0" encoding="UTF-8"?>
<!-- Generated by org.testng.reporters.JUnitReportReporter -->
<testsuite hostname="user-PC" name="com.testng.Child" tests="2" failures="0" timestamp="24 Mar 2018 11:39:47 GMT" time="32.654" errors="0">
  <testcase name="TC03_ContactDetails" time="14.868" classname="com.testng.Child"/>
  <testcase name="TC03_Qualifications_Add_Workexperince" time="17.786" classname="com.testng.Child"/>
</testsuite> <!-- com.testng.Child -->
